Determining if the pthread_create exist failed with the following output:
Change Dir: /home/sergio/PrubaCPP/build/CMakeFiles/CMakeTmp

Run Build Command:"/usr/bin/make" "cmTC_3a9aa/fast"
/usr/bin/make -f CMakeFiles/cmTC_3a9aa.dir/build.make CMakeFiles/cmTC_3a9aa.dir/build
make[1]: se entra en el directorio '/home/sergio/PrubaCPP/build/CMakeFiles/CMakeTmp'
Building C object CMakeFiles/cmTC_3a9aa.dir/CheckSymbolExists.c.o
/usr/bin/cc    -o CMakeFiles/cmTC_3a9aa.dir/CheckSymbolExists.c.o   -c /home/sergio/PrubaCPP/build/CMakeFiles/CMakeTmp/CheckSymbolExists.c
Linking C executable cmTC_3a9aa
/usr/bin/cmake -E cmake_link_script CMakeFiles/cmTC_3a9aa.dir/link.txt --verbose=1
/usr/bin/cc      -rdynamic CMakeFiles/cmTC_3a9aa.dir/CheckSymbolExists.c.o  -o cmTC_3a9aa 
CMakeFiles/cmTC_3a9aa.dir/CheckSymbolExists.c.o: En la función `main':
CheckSymbolExists.c:(.text+0x1b): referencia a `pthread_create' sin definir
collect2: error: ld returned 1 exit status
CMakeFiles/cmTC_3a9aa.dir/build.make:97: recipe for target 'cmTC_3a9aa' failed
make[1]: *** [cmTC_3a9aa] Error 1
make[1]: se sale del directorio '/home/sergio/PrubaCPP/build/CMakeFiles/CMakeTmp'
Makefile:126: recipe for target 'cmTC_3a9aa/fast' failed
make: *** [cmTC_3a9aa/fast] Error 2

File /home/sergio/PrubaCPP/build/CMakeFiles/CMakeTmp/CheckSymbolExists.c:
/* */
#include <pthread.h>

int main(int argc, char** argv)
{
  (void)argv;
#ifndef pthread_create
  return ((int*)(&pthread_create))[argc];
#else
  (void)argc;
  return 0;
#endif
}

Determining if the function pthread_create exists in the pthreads failed with the following output:
Change Dir: /home/sergio/PrubaCPP/build/CMakeFiles/CMakeTmp

Run Build Command:"/usr/bin/make" "cmTC_470e4/fast"
/usr/bin/make -f CMakeFiles/cmTC_470e4.dir/build.make CMakeFiles/cmTC_470e4.dir/build
make[1]: se entra en el directorio '/home/sergio/PrubaCPP/build/CMakeFiles/CMakeTmp'
Building C object CMakeFiles/cmTC_470e4.dir/CheckFunctionExists.c.o
/usr/bin/cc   -DCHECK_FUNCTION_EXISTS=pthread_create   -o CMakeFiles/cmTC_470e4.dir/CheckFunctionExists.c.o   -c /usr/share/cmake-3.10/Modules/CheckFunctionExists.c
Linking C executable cmTC_470e4
/usr/bin/cmake -E cmake_link_script CMakeFiles/cmTC_470e4.dir/link.txt --verbose=1
/usr/bin/cc  -DCHECK_FUNCTION_EXISTS=pthread_create    -rdynamic CMakeFiles/cmTC_470e4.dir/CheckFunctionExists.c.o  -o cmTC_470e4 -lpthreads 
/usr/bin/ld: no se puede encontrar -lpthreads
collect2: error: ld returned 1 exit status
CMakeFiles/cmTC_470e4.dir/build.make:97: recipe for target 'cmTC_470e4' failed
make[1]: *** [cmTC_470e4] Error 1
make[1]: se sale del directorio '/home/sergio/PrubaCPP/build/CMakeFiles/CMakeTmp'
Makefile:126: recipe for target 'cmTC_470e4/fast' failed
make: *** [cmTC_470e4/fast] Error 2


